This is pdfTeX, Version 3.14159265-2.6-1.40.18 (TeX Live 2017) (preloaded format=pdflatex 2017.5.23)  16 MAR 2021 19:26
entering extended mode
 restricted \write18 enabled.
 file:line:error style messages enabled.
 %&-line parsing enabled.
**kelpTailAssn_maintext.tex
(./kelpTailAssn_maintext.tex
LaTeX2e <2017-04-15>
Babel <3.10> and hyphenation patterns for 84 language(s) loaded.
(/usr/local/texlive/2017/texmf-dist/tex/latex/base/article.cls
Document Class: article 2014/09/29 v1.4h Standard LaTeX document class
(/usr/local/texlive/2017/texmf-dist/tex/latex/base/size12.clo
File: size12.clo 2014/09/29 v1.4h Standard LaTeX file (size option)
)
\c@part=\count79
\c@section=\count80
\c@subsection=\count81
\c@subsubsection=\count82
\c@paragraph=\count83
\c@subparagraph=\count84
\c@figure=\count85
\c@table=\count86
\abovecaptionskip=\skip41
\belowcaptionskip=\skip42
\bibindent=\dimen102
)
(/usr/local/texlive/2017/texmf-dist/tex/latex/geometry/geometry.sty
Package: geometry 2010/09/12 v5.6 Page Geometry

(/usr/local/texlive/2017/texmf-dist/tex/latex/graphics/keyval.sty
Package: keyval 2014/10/28 v1.15 key=value parser (DPC)
\KV@toks@=\toks14
)
(/usr/local/texlive/2017/texmf-dist/tex/generic/oberdiek/ifpdf.sty
Package: ifpdf 2017/03/15 v3.2 Provides the ifpdf switch
)
(/usr/local/texlive/2017/texmf-dist/tex/generic/oberdiek/ifvtex.sty
Package: ifvtex 2016/05/16 v1.6 Detect VTeX and its facilities (HO)
Package ifvtex Info: VTeX not detected.
)
(/usr/local/texlive/2017/texmf-dist/tex/generic/ifxetex/ifxetex.sty
Package: ifxetex 2010/09/12 v0.6 Provides ifxetex conditional
)
\Gm@cnth=\count87
\Gm@cntv=\count88
\c@Gm@tempcnt=\count89
\Gm@bindingoffset=\dimen103
\Gm@wd@mp=\dimen104
\Gm@odd@mp=\dimen105
\Gm@even@mp=\dimen106
\Gm@layoutwidth=\dimen107
\Gm@layoutheight=\dimen108
\Gm@layouthoffset=\dimen109
\Gm@layoutvoffset=\dimen110
\Gm@dimlist=\toks15
)
(/usr/local/texlive/2017/texmf-dist/tex/latex/graphics/graphicx.sty
Package: graphicx 2014/10/28 v1.0g Enhanced LaTeX Graphics (DPC,SPQR)

(/usr/local/texlive/2017/texmf-dist/tex/latex/graphics/graphics.sty
Package: graphics 2017/04/14 v1.1b Standard LaTeX Graphics (DPC,SPQR)

(/usr/local/texlive/2017/texmf-dist/tex/latex/graphics/trig.sty
Package: trig 2016/01/03 v1.10 sin cos tan (DPC)
)
(/usr/local/texlive/2017/texmf-dist/tex/latex/graphics-cfg/graphics.cfg
File: graphics.cfg 2016/06/04 v1.11 sample graphics configuration
)
Package graphics Info: Driver file: pdftex.def on input line 99.

(/usr/local/texlive/2017/texmf-dist/tex/latex/graphics-def/pdftex.def
File: pdftex.def 2017/01/12 v0.06k Graphics/color for pdfTeX

(/usr/local/texlive/2017/texmf-dist/tex/generic/oberdiek/infwarerr.sty
Package: infwarerr 2016/05/16 v1.4 Providing info/warning/error messages (HO)
)
(/usr/local/texlive/2017/texmf-dist/tex/generic/oberdiek/ltxcmds.sty
Package: ltxcmds 2016/05/16 v1.23 LaTeX kernel commands for general use (HO)
)
\Gread@gobject=\count90
))
\Gin@req@height=\dimen111
\Gin@req@width=\dimen112
)
(/usr/local/texlive/2017/texmf-dist/tex/latex/hyperref/hyperref.sty
Package: hyperref 2017/03/14 v6.85a Hypertext links for LaTeX

(/usr/local/texlive/2017/texmf-dist/tex/generic/oberdiek/hobsub-hyperref.sty
Package: hobsub-hyperref 2016/05/16 v1.14 Bundle oberdiek, subset hyperref (HO)


(/usr/local/texlive/2017/texmf-dist/tex/generic/oberdiek/hobsub-generic.sty
Package: hobsub-generic 2016/05/16 v1.14 Bundle oberdiek, subset generic (HO)
Package: hobsub 2016/05/16 v1.14 Construct package bundles (HO)
Package hobsub Info: Skipping package `infwarerr' (already loaded).
Package hobsub Info: Skipping package `ltxcmds' (already loaded).
Package: ifluatex 2016/05/16 v1.4 Provides the ifluatex switch (HO)
Package ifluatex Info: LuaTeX not detected.
Package hobsub Info: Skipping package `ifvtex' (already loaded).
Package: intcalc 2016/05/16 v1.2 Expandable calculations with integers (HO)
Package hobsub Info: Skipping package `ifpdf' (already loaded).
Package: etexcmds 2016/05/16 v1.6 Avoid name clashes with e-TeX commands (HO)
Package etexcmds Info: Could not find \expanded.
(etexcmds)             That can mean that you are not using pdfTeX 1.50 or
(etexcmds)             that some package has redefined \expanded.
(etexcmds)             In the latter case, load this package earlier.
Package: kvsetkeys 2016/05/16 v1.17 Key value parser (HO)
Package: kvdefinekeys 2016/05/16 v1.4 Define keys (HO)
Package: pdftexcmds 2017/03/19 v0.25 Utility functions of pdfTeX for LuaTeX (HO
)
Package pdftexcmds Info: LuaTeX not detected.
Package pdftexcmds Info: \pdf@primitive is available.
Package pdftexcmds Info: \pdf@ifprimitive is available.
Package pdftexcmds Info: \pdfdraftmode found.
Package: pdfescape 2016/05/16 v1.14 Implements pdfTeX's escape features (HO)
Package: bigintcalc 2016/05/16 v1.4 Expandable calculations on big integers (HO
)
Package: bitset 2016/05/16 v1.2 Handle bit-vector datatype (HO)
Package: uniquecounter 2016/05/16 v1.3 Provide unlimited unique counter (HO)
)
Package hobsub Info: Skipping package `hobsub' (already loaded).
Package: letltxmacro 2016/05/16 v1.5 Let assignment for LaTeX macros (HO)
Package: hopatch 2016/05/16 v1.3 Wrapper for package hooks (HO)
Package: xcolor-patch 2016/05/16 xcolor patch
Package: atveryend 2016/05/16 v1.9 Hooks at the very end of document (HO)
Package atveryend Info: \enddocument detected (standard20110627).
Package: atbegshi 2016/06/09 v1.18 At begin shipout hook (HO)
Package: refcount 2016/05/16 v3.5 Data extraction from label references (HO)
Package: hycolor 2016/05/16 v1.8 Color options for hyperref/bookmark (HO)
)
(/usr/local/texlive/2017/texmf-dist/tex/latex/oberdiek/auxhook.sty
Package: auxhook 2016/05/16 v1.4 Hooks for auxiliary files (HO)
)
(/usr/local/texlive/2017/texmf-dist/tex/latex/oberdiek/kvoptions.sty
Package: kvoptions 2016/05/16 v3.12 Key value format for package options (HO)
)
\@linkdim=\dimen113
\Hy@linkcounter=\count91
\Hy@pagecounter=\count92

(/usr/local/texlive/2017/texmf-dist/tex/latex/hyperref/pd1enc.def
File: pd1enc.def 2017/03/14 v6.85a Hyperref: PDFDocEncoding definition (HO)
)
\Hy@SavedSpaceFactor=\count93

(/usr/local/texlive/2017/texmf-dist/tex/latex/latexconfig/hyperref.cfg
File: hyperref.cfg 2002/06/06 v1.2 hyperref configuration of TeXLive
)
Package hyperref Info: Hyper figures OFF on input line 4498.
Package hyperref Info: Link nesting OFF on input line 4503.
Package hyperref Info: Hyper index ON on input line 4506.
Package hyperref Info: Plain pages OFF on input line 4513.
Package hyperref Info: Backreferencing OFF on input line 4518.
Package hyperref Info: Implicit mode ON; LaTeX internals redefined.
Package hyperref Info: Bookmarks ON on input line 4751.
\c@Hy@tempcnt=\count94

(/usr/local/texlive/2017/texmf-dist/tex/latex/url/url.sty
\Urlmuskip=\muskip10
Package: url 2013/09/16  ver 3.4  Verb mode for urls, etc.
)
LaTeX Info: Redefining \url on input line 5104.
\XeTeXLinkMargin=\dimen114
\Fld@menulength=\count95
\Field@Width=\dimen115
\Fld@charsize=\dimen116
Package hyperref Info: Hyper figures OFF on input line 6358.
Package hyperref Info: Link nesting OFF on input line 6363.
Package hyperref Info: Hyper index ON on input line 6366.
Package hyperref Info: backreferencing OFF on input line 6373.
Package hyperref Info: Link coloring OFF on input line 6378.
Package hyperref Info: Link coloring with OCG OFF on input line 6383.
Package hyperref Info: PDF/A mode OFF on input line 6388.
LaTeX Info: Redefining \ref on input line 6428.
LaTeX Info: Redefining \pageref on input line 6432.
\Hy@abspage=\count96
\c@Item=\count97
\c@Hfootnote=\count98
)

Package hyperref Message: Driver (autodetected): hpdftex.

(/usr/local/texlive/2017/texmf-dist/tex/latex/hyperref/hpdftex.def
File: hpdftex.def 2017/03/14 v6.85a Hyperref driver for pdfTeX
\Fld@listcount=\count99
\c@bookmark@seq@number=\count100

(/usr/local/texlive/2017/texmf-dist/tex/latex/oberdiek/rerunfilecheck.sty
Package: rerunfilecheck 2016/05/16 v1.8 Rerun checks for auxiliary files (HO)
Package uniquecounter Info: New unique counter `rerunfilecheck' on input line 2
82.
)
\Hy@SectionHShift=\skip43
)
(/usr/local/texlive/2017/texmf-dist/tex/latex/fancybox/fancybox.sty
Package: fancybox 2010/05/15 1.4

Style option: `fancybox' v1.4 <2010/05/15> (tvz)
\@fancybox=\box26
\shadowsize=\dimen117
\@Sbox=\box27
\do@VerbBox=\toks16
\the@fancyput=\toks17
\this@fancyput=\toks18
\EndVerbatimTokens=\toks19
\Verbatim@Outfile=\write3
\Verbatim@Infile=\read1
) (/usr/local/texlive/2017/texmf-dist/tex/latex/amsmath/amsmath.sty
Package: amsmath 2016/11/05 v2.16a AMS math features
\@mathmargin=\skip44

For additional information on amsmath, use the `?' option.
(/usr/local/texlive/2017/texmf-dist/tex/latex/amsmath/amstext.sty
Package: amstext 2000/06/29 v2.01 AMS text

(/usr/local/texlive/2017/texmf-dist/tex/latex/amsmath/amsgen.sty
File: amsgen.sty 1999/11/30 v2.0 generic functions
\@emptytoks=\toks20
\ex@=\dimen118
))
(/usr/local/texlive/2017/texmf-dist/tex/latex/amsmath/amsbsy.sty
Package: amsbsy 1999/11/29 v1.2d Bold Symbols
\pmbraise@=\dimen119
)
(/usr/local/texlive/2017/texmf-dist/tex/latex/amsmath/amsopn.sty
Package: amsopn 2016/03/08 v2.02 operator names
)
\inf@bad=\count101
LaTeX Info: Redefining \frac on input line 213.
\uproot@=\count102
\leftroot@=\count103
LaTeX Info: Redefining \overline on input line 375.
\classnum@=\count104
\DOTSCASE@=\count105
LaTeX Info: Redefining \ldots on input line 472.
LaTeX Info: Redefining \dots on input line 475.
LaTeX Info: Redefining \cdots on input line 596.
\Mathstrutbox@=\box28
\strutbox@=\box29
\big@size=\dimen120
LaTeX Font Info:    Redeclaring font encoding OML on input line 712.
LaTeX Font Info:    Redeclaring font encoding OMS on input line 713.
\macc@depth=\count106
\c@MaxMatrixCols=\count107
\dotsspace@=\muskip11
\c@parentequation=\count108
\dspbrk@lvl=\count109
\tag@help=\toks21
\row@=\count110
\column@=\count111
\maxfields@=\count112
\andhelp@=\toks22
\eqnshift@=\dimen121
\alignsep@=\dimen122
\tagshift@=\dimen123
\tagwidth@=\dimen124
\totwidth@=\dimen125
\lineht@=\dimen126
\@envbody=\toks23
\multlinegap=\skip45
\multlinetaggap=\skip46
\mathdisplay@stack=\toks24
LaTeX Info: Redefining \[ on input line 2817.
LaTeX Info: Redefining \] on input line 2818.
)
(/usr/local/texlive/2017/texmf-dist/tex/latex/amsfonts/amssymb.sty
Package: amssymb 2013/01/14 v3.01 AMS font symbols

(/usr/local/texlive/2017/texmf-dist/tex/latex/amsfonts/amsfonts.sty
Package: amsfonts 2013/01/14 v3.01 Basic AMSFonts support
\symAMSa=\mathgroup4
\symAMSb=\mathgroup5
LaTeX Font Info:    Overwriting math alphabet `\mathfrak' in version `bold'
(Font)                  U/euf/m/n --> U/euf/b/n on input line 106.
))
(/usr/local/texlive/2017/texmf-dist/tex/latex/amscls/amsthm.sty
Package: amsthm 2015/03/04 v2.20.2
\thm@style=\toks25
\thm@bodyfont=\toks26
\thm@headfont=\toks27
\thm@notefont=\toks28
\thm@headpunct=\toks29
\thm@preskip=\skip47
\thm@postskip=\skip48
\thm@headsep=\skip49
\dth@everypar=\toks30
)
(/usr/local/texlive/2017/texmf-dist/tex/latex/natbib/natbib.sty
Package: natbib 2010/09/13 8.31b (PWD, AO)
\bibhang=\skip50
\bibsep=\skip51
LaTeX Info: Redefining \cite on input line 694.
\c@NAT@ctr=\count113
)
(/usr/local/texlive/2017/texmf-dist/tex/latex/preprint/fullpage.sty
Package: fullpage 1999/02/23 1.1 (PWD)
\FP@margin=\skip52
)
(/usr/local/texlive/2017/texmf-dist/tex/latex/placeins/placeins.sty
Package: placeins 2005/04/18  v 2.2
)
(/usr/local/texlive/2017/texmf-dist/tex/latex/setspace/setspace.sty
Package: setspace 2011/12/19 v6.7a set line spacing
)
(/usr/local/texlive/2017/texmf-dist/tex/latex/lineno/lineno.sty
Package: lineno 2005/11/02 line numbers on paragraphs v4.41
\linenopenalty=\count114
\output=\toks31
\linenoprevgraf=\count115
\linenumbersep=\dimen127
\linenumberwidth=\dimen128
\c@linenumber=\count116
\c@pagewiselinenumber=\count117
\c@LN@truepage=\count118
\c@internallinenumber=\count119
\c@internallinenumbers=\count120
\quotelinenumbersep=\dimen129
\bframerule=\dimen130
\bframesep=\dimen131
\bframebox=\box30
LaTeX Info: Redefining \\ on input line 3056.
)
(/usr/local/texlive/2017/texmf-dist/tex/latex/graphics/color.sty
Package: color 2016/07/10 v1.1e Standard LaTeX Color (DPC)

(/usr/local/texlive/2017/texmf-dist/tex/latex/graphics-cfg/color.cfg
File: color.cfg 2016/01/02 v1.6 sample color configuration
)
Package color Info: Driver file: pdftex.def on input line 147.
)
(/usr/local/texlive/2017/texmf-dist/tex/latex/multirow/multirow.sty
Package: multirow 2016/11/25 v2.2 Span multiple rows of a table
\multirow@colwidth=\skip53
\multirow@cntb=\count121
\multirow@dima=\skip54
\bigstrutjot=\dimen132
)
(/usr/local/texlive/2017/texmf-dist/tex/latex/booktabs/booktabs.sty
Package: booktabs 2016/04/27 v1.618033 publication quality tables
\heavyrulewidth=\dimen133
\lightrulewidth=\dimen134
\cmidrulewidth=\dimen135
\belowrulesep=\dimen136
\belowbottomsep=\dimen137
\aboverulesep=\dimen138
\abovetopsep=\dimen139
\cmidrulesep=\dimen140
\cmidrulekern=\dimen141
\defaultaddspace=\dimen142
\@cmidla=\count122
\@cmidlb=\count123
\@aboverulesep=\dimen143
\@belowrulesep=\dimen144
\@thisruleclass=\count124
\@lastruleclass=\count125
\@thisrulewidth=\dimen145
)
(/usr/local/texlive/2017/texmf-dist/tex/latex/etoolbox/etoolbox.sty
Package: etoolbox 2017/01/02 v2.4 e-TeX tools for LaTeX (JAW)
\etb@tempcnta=\count126
)
(/usr/local/texlive/2017/texmf-dist/tex/latex/filecontents/filecontents.sty
Package: filecontents 2011/10/08 v1.3 Create an external file from within a LaT
eX document
)
(/usr/local/texlive/2017/texmf-dist/tex/latex/caption/caption.sty
Package: caption 2016/02/21 v3.3-144 Customizing captions (AR)

(/usr/local/texlive/2017/texmf-dist/tex/latex/caption/caption3.sty
Package: caption3 2016/05/22 v1.7-166 caption3 kernel (AR)
Package caption3 Info: TeX engine: e-TeX on input line 67.
\captionmargin=\dimen146
\captionmargin@=\dimen147
\captionwidth=\dimen148
\caption@tempdima=\dimen149
\caption@indent=\dimen150
\caption@parindent=\dimen151
\caption@hangindent=\dimen152
)
\c@ContinuedFloat=\count127
Package caption Info: hyperref package is loaded.
)
(/usr/local/texlive/2017/texmf-dist/tex/latex/preprint/authblk.sty
Package: authblk 2001/02/27 1.3 (PWD)
\affilsep=\skip55
\@affilsep=\skip56
\c@Maxaffil=\count128
\c@authors=\count129
\c@affil=\count130
)
(./kelpTailAssn_maintext.aux

LaTeX Warning: Label `fig:lowexample' multiply defined.

)
\openout1 = `kelpTailAssn_maintext.aux'.

LaTeX Font Info:    Checking defaults for OML/cmm/m/it on input line 55.
LaTeX Font Info:    ... okay on input line 55.
LaTeX Font Info:    Checking defaults for T1/cmr/m/n on input line 55.
LaTeX Font Info:    ... okay on input line 55.
LaTeX Font Info:    Checking defaults for OT1/cmr/m/n on input line 55.
LaTeX Font Info:    ... okay on input line 55.
LaTeX Font Info:    Checking defaults for OMS/cmsy/m/n on input line 55.
LaTeX Font Info:    ... okay on input line 55.
LaTeX Font Info:    Checking defaults for OMX/cmex/m/n on input line 55.
LaTeX Font Info:    ... okay on input line 55.
LaTeX Font Info:    Checking defaults for U/cmr/m/n on input line 55.
LaTeX Font Info:    ... okay on input line 55.
LaTeX Font Info:    Checking defaults for PD1/pdf/m/n on input line 55.
LaTeX Font Info:    ... okay on input line 55.

*geometry* driver: auto-detecting
*geometry* detected driver: pdftex
*geometry* verbose mode - [ preamble ] result:
* driver: pdftex
* paper: letterpaper
* layout: <same size as paper>
* layoutoffset:(h,v)=(0.0pt,0.0pt)
* modes: 
* h-part:(L,W,R)=(92.14519pt, 430.00462pt, 92.14519pt)
* v-part:(T,H,B)=(95.39737pt, 556.47656pt, 143.09605pt)
* \paperwidth=614.295pt
* \paperheight=794.96999pt
* \textwidth=469.75502pt
* \textheight=620.43001pt
* \oddsidemargin=0.0pt
* \evensidemargin=0.0pt
* \topmargin=0.0pt
* \headheight=0.0pt
* \headsep=0.0pt
* \topskip=12.0pt
* \footskip=30.0pt
* \marginparwidth=44.0pt
* \marginparsep=10.0pt
* \columnsep=10.0pt
* \skip\footins=10.8pt plus 4.0pt minus 2.0pt
* \hoffset=0.0pt
* \voffset=0.0pt
* \mag=1000
* \@twocolumnfalse
* \@twosidefalse
* \@mparswitchfalse
* \@reversemarginfalse
* (1in=72.27pt=25.4mm, 1cm=28.453pt)

(/usr/local/texlive/2017/texmf-dist/tex/context/base/mkii/supp-pdf.mkii
[Loading MPS to PDF converter (version 2006.09.02).]
\scratchcounter=\count131
\scratchdimen=\dimen153
\scratchbox=\box31
\nofMPsegments=\count132
\nofMParguments=\count133
\everyMPshowfont=\toks32
\MPscratchCnt=\count134
\MPscratchDim=\dimen154
\MPnumerator=\count135
\makeMPintoPDFobject=\count136
\everyMPtoPDFconversion=\toks33
) (/usr/local/texlive/2017/texmf-dist/tex/latex/oberdiek/epstopdf-base.sty
Package: epstopdf-base 2016/05/15 v2.6 Base part for package epstopdf

(/usr/local/texlive/2017/texmf-dist/tex/latex/oberdiek/grfext.sty
Package: grfext 2016/05/16 v1.2 Manage graphics extensions (HO)
)
Package epstopdf-base Info: Redefining graphics rule for `.eps' on input line 4
38.
Package grfext Info: Graphics extension search list:
(grfext)             [.png,.pdf,.jpg,.mps,.jpeg,.jbig2,.jb2,.PNG,.PDF,.JPG,.JPE
G,.JBIG2,.JB2,.eps]
(grfext)             \AppendGraphicsExtensions on input line 456.

(/usr/local/texlive/2017/texmf-dist/tex/latex/latexconfig/epstopdf-sys.cfg
File: epstopdf-sys.cfg 2010/07/13 v1.3 Configuration of (r)epstopdf for TeX Liv
e
))
\AtBeginShipoutBox=\box32
Package hyperref Info: Link coloring OFF on input line 55.

(/usr/local/texlive/2017/texmf-dist/tex/latex/hyperref/nameref.sty
Package: nameref 2016/05/21 v2.44 Cross-referencing by name of section

(/usr/local/texlive/2017/texmf-dist/tex/generic/oberdiek/gettitlestring.sty
Package: gettitlestring 2016/05/16 v1.5 Cleanup title references (HO)
)
\c@section@level=\count137
)
LaTeX Info: Redefining \ref on input line 55.
LaTeX Info: Redefining \pageref on input line 55.
LaTeX Info: Redefining \nameref on input line 55.

(./kelpTailAssn_maintext.out) (./kelpTailAssn_maintext.out)
\@outlinefile=\write4
\openout4 = `kelpTailAssn_maintext.out'.

Package caption Info: Begin \AtBeginDocument code.
Package caption Info: End \AtBeginDocument code.
LaTeX Font Info:    Try loading font information for U+msa on input line 57.

(/usr/local/texlive/2017/texmf-dist/tex/latex/amsfonts/umsa.fd
File: umsa.fd 2013/01/14 v3.01 AMS symbols A
)
LaTeX Font Info:    Try loading font information for U+msb on input line 57.

(/usr/local/texlive/2017/texmf-dist/tex/latex/amsfonts/umsb.fd
File: umsb.fd 2013/01/14 v3.01 AMS symbols B
) [1

{/usr/local/texlive/2017/texmf-var/fonts/map/pdftex/updmap/pdftex.map}] [2]
<"locs_by_cluster".pdf, id=49, 505.89pt x 505.89pt>
File: "locs_by_cluster".pdf Graphic file (type pdf)

<use "locs_by_cluster".pdf>
Package pdftex.def Info: "locs_by_cluster".pdf used on input line 132.
(pdftex.def)             Requested size: 305.33789pt x 305.34264pt.
 [3] [4 <./locs_by_cluster.pdf>]
<"dist_decay_allsites".pdf, id=69, 505.89pt x 505.89pt>
File: "dist_decay_allsites".pdf Graphic file (type pdf)

<use "dist_decay_allsites".pdf>
Package pdftex.def Info: "dist_decay_allsites".pdf used on input line 148.
(pdftex.def)             Requested size: 305.33789pt x 305.34264pt.

<"dist_decay_central".pdf, id=70, 505.89pt x 505.89pt>
File: "dist_decay_central".pdf Graphic file (type pdf)

<use "dist_decay_central".pdf>
Package pdftex.def Info: "dist_decay_central".pdf used on input line 155.
(pdftex.def)             Requested size: 305.33789pt x 305.34264pt.

<"dist_decay_southern".pdf, id=71, 505.89pt x 505.89pt>
File: "dist_decay_southern".pdf Graphic file (type pdf)

<use "dist_decay_southern".pdf>
Package pdftex.def Info: "dist_decay_southern".pdf used on input line 162.
(pdftex.def)             Requested size: 305.33789pt x 305.34264pt.
 [5 <./dist_decay_allsites.pdf>] [6 <./dist_decay_central.pdf>] [7 <./dist_deca
y_southern.pdf>]
<"hist_kelpsynch_taildiff".pdf, id=109, 505.89pt x 505.89pt>
File: "hist_kelpsynch_taildiff".pdf Graphic file (type pdf)

<use "hist_kelpsynch_taildiff".pdf>
Package pdftex.def Info: "hist_kelpsynch_taildiff".pdf used on input line 177.
(pdftex.def)             Requested size: 305.33789pt x 305.34264pt.

<"synchmat_kelp_taildiff".pdf, id=110, 505.89pt x 505.89pt>
File: "synchmat_kelp_taildiff".pdf Graphic file (type pdf)

<use "synchmat_kelp_taildiff".pdf>
Package pdftex.def Info: "synchmat_kelp_taildiff".pdf used on input line 184.
(pdftex.def)             Requested size: 446.26582pt x 446.27298pt.
 [8 <./hist_kelpsynch_taildiff.pdf>] [9 <./synchmat_kelp_taildiff.pdf>]
<"sync_taildiff_25km_3panel".pdf, id=132, 469.755pt x 216.81pt>
File: "sync_taildiff_25km_3panel".pdf Graphic file (type pdf)

<use "sync_taildiff_25km_3panel".pdf>
Package pdftex.def Info: "sync_taildiff_25km_3panel".pdf used on input line 199
.
(pdftex.def)             Requested size: 469.75386pt x 216.80946pt.
 [10 <./sync_taildiff_25km_3panel.pdf>]

LaTeX Warning: Reference `fig:hist_kelpsynch_taildiff' on page 11 undefined on 
input line 215.


LaTeX Warning: Reference `fig:synchmat_kelp_taildiff' on page 11 undefined on i
nput line 216.

<"hist_taildiff_kelpXno3".pdf, id=144, 505.89pt x 505.89pt>
File: "hist_taildiff_kelpXno3".pdf Graphic file (type pdf)

<use "hist_taildiff_kelpXno3".pdf>
Package pdftex.def Info: "hist_taildiff_kelpXno3".pdf used on input line 230.
(pdftex.def)             Requested size: 305.33789pt x 305.34264pt.

<"hist_taildiff_kelpXwaves".pdf, id=145, 505.89pt x 505.89pt>
File: "hist_taildiff_kelpXwaves".pdf Graphic file (type pdf)

<use "hist_taildiff_kelpXwaves".pdf>
Package pdftex.def Info: "hist_taildiff_kelpXwaves".pdf used on input line 238.

(pdftex.def)             Requested size: 305.33789pt x 305.34264pt.

<"hist_taildiff_kelpXnpgo".pdf, id=146, 505.89pt x 505.89pt>
File: "hist_taildiff_kelpXnpgo".pdf Graphic file (type pdf)

<use "hist_taildiff_kelpXnpgo".pdf>
Package pdftex.def Info: "hist_taildiff_kelpXnpgo".pdf used on input line 246.
(pdftex.def)             Requested size: 305.33789pt x 305.34264pt.

<"map_taildiff_kelpXno3_3panel".pdf, id=147, 469.755pt x 216.81pt>
File: "map_taildiff_kelpXno3_3panel".pdf Graphic file (type pdf)

<use "map_taildiff_kelpXno3_3panel".pdf>
Package pdftex.def Info: "map_taildiff_kelpXno3_3panel".pdf used on input line 
254.
(pdftex.def)             Requested size: 469.75386pt x 216.80946pt.

<"map_taildiff_kelpXwaves_3panel".pdf, id=148, 469.755pt x 216.81pt>
File: "map_taildiff_kelpXwaves_3panel".pdf Graphic file (type pdf)

<use "map_taildiff_kelpXwaves_3panel".pdf>
Package pdftex.def Info: "map_taildiff_kelpXwaves_3panel".pdf used on input lin
e 261.
(pdftex.def)             Requested size: 469.75386pt x 216.80946pt.

<"map_taildiff_kelpXnpgo_3panel".pdf, id=149, 469.755pt x 216.81pt>
File: "map_taildiff_kelpXnpgo_3panel".pdf Graphic file (type pdf)

<use "map_taildiff_kelpXnpgo_3panel".pdf>
Package pdftex.def Info: "map_taildiff_kelpXnpgo_3panel".pdf used on input line
 268.
(pdftex.def)             Requested size: 469.75386pt x 216.80946pt.
 [11] [12 <./hist_taildiff_kelpXno3.pdf>] [13 <./hist_taildiff_kelpXwaves.pdf>]
 [14 <./hist_taildiff_kelpXnpgo.pdf>]
[15 <./map_taildiff_kelpXno3_3panel.pdf> <./map_taildiff_kelpXwaves_3panel.pdf>
] [16 <./map_taildiff_kelpXnpgo_3panel.pdf>]
<"calmness_vs_tail".pdf, id=222, 505.89pt x 505.89pt>
File: "calmness_vs_tail".pdf Graphic file (type pdf)

<use "calmness_vs_tail".pdf>
Package pdftex.def Info: "calmness_vs_tail".pdf used on input line 286.
(pdftex.def)             Requested size: 305.33789pt x 305.34264pt.

<"scatterplot_by_association".pdf, id=223, 505.89pt x 505.89pt>
File: "scatterplot_by_association".pdf Graphic file (type pdf)

<use "scatterplot_by_association".pdf>
Package pdftex.def Info: "scatterplot_by_association".pdf used on input line 29
3.
(pdftex.def)             Requested size: 305.33789pt x 305.34264pt.

<"example_strong_lower".pdf, id=224, 505.89pt x 505.89pt>
File: "example_strong_lower".pdf Graphic file (type pdf)

<use "example_strong_lower".pdf>
Package pdftex.def Info: "example_strong_lower".pdf used on input line 300.
(pdftex.def)             Requested size: 305.33789pt x 305.34264pt.

<"example_strong_upper".pdf, id=225, 505.89pt x 505.89pt>
File: "example_strong_upper".pdf Graphic file (type pdf)

<use "example_strong_upper".pdf>
Package pdftex.def Info: "example_strong_upper".pdf used on input line 307.
(pdftex.def)             Requested size: 305.33789pt x 305.34264pt.
 [17 <./calmness_vs_tail.pdf>] [18 <./scatterplot_by_association.pdf>] [19 <./e
xample_strong_lower.pdf>] [20 <./example_strong_upper.pdf>]

Package caption Warning: Unused \captionsetup[table] on input line 23.
See the caption package documentation for explanation.

Package atveryend Info: Empty hook `BeforeClearDocument' on input line 355.
[21]
Package atveryend Info: Empty hook `AfterLastShipout' on input line 355.
 (./kelpTailAssn_maintext.aux)
Package atveryend Info: Executing hook `AtVeryEndDocument' on input line 355.
Package atveryend Info: Executing hook `AtEndAfterFileList' on input line 355.
Package rerunfilecheck Info: File `kelpTailAssn_maintext.out' has not changed.
(rerunfilecheck)             Checksum: 369EBA812B956B7C0188DDC164DC02C0;357.


LaTeX Warning: There were undefined references.


LaTeX Warning: There were multiply-defined labels.

Package atveryend Info: Empty hook `AtVeryVeryEnd' on input line 355.
 ) 
Here is how much of TeX's memory you used:
 8971 strings out of 492995
 133349 string characters out of 6132704
 236872 words of memory out of 5000000
 12323 multiletter control sequences out of 15000+600000
 12743 words of font info for 49 fonts, out of 8000000 for 9000
 1141 hyphenation exceptions out of 8191
 36i,6n,39p,927b,432s stack positions out of 5000i,500n,10000p,200000b,80000s
</usr/local/texlive/2017/texmf-dist/fonts/type1/public/amsfonts/cm/cmbx12.pfb
></usr/local/texlive/2017/texmf-dist/fonts/type1/public/amsfonts/cm/cmmi12.pfb>
</usr/local/texlive/2017/texmf-dist/fonts/type1/public/amsfonts/cm/cmmi8.pfb></
usr/local/texlive/2017/texmf-dist/fonts/type1/public/amsfonts/cm/cmr10.pfb></us
r/local/texlive/2017/texmf-dist/fonts/type1/public/amsfonts/cm/cmr12.pfb></usr/
local/texlive/2017/texmf-dist/fonts/type1/public/amsfonts/cm/cmr17.pfb></usr/lo
cal/texlive/2017/texmf-dist/fonts/type1/public/amsfonts/cm/cmss8.pfb></usr/loca
l/texlive/2017/texmf-dist/fonts/type1/public/amsfonts/cm/cmsy10.pfb></usr/local
/texlive/2017/texmf-dist/fonts/type1/public/amsfonts/cm/cmti12.pfb>
Output written on kelpTailAssn_maintext.pdf (21 pages, 2657826 bytes).
PDF statistics:
 336 PDF objects out of 1000 (max. 8388607)
 267 compressed objects within 3 object streams
 68 named destinations out of 1000 (max. 500000)
 134 words of extra memory for PDF output out of 10000 (max. 10000000)

